<?xml version="1.0" encoding="UTF-8"?>
<!-- Generated by org.testng.reporters.JUnitXMLReporter -->
<testsuite ignored="0" hostname="VARSHINI" failures="0" tests="4" name="AuthTests" time="3.752" errors="0" timestamp="2025-08-13T12:30:21 IST">
  <testcase classname="tests.AuthTests" name="twoStepAuth_statusCode200" time="2.488"/>
  <testcase classname="tests.AuthTests" name="twoStepAuth_authCodeNotNull" time="0.001"/>
  <testcase classname="tests.AuthTests" name="tokenRequest_statusCode200" time="0.288"/>
  <testcase classname="tests.AuthTests" name="tokenRequest_accessTokenNotNull" time="0.006"/>
</testsuite> <!-- AuthTests -->
