<?xml version="1.0" encoding="UTF-8"?>
<!-- Generated by org.testng.reporters.JUnitXMLReporter -->
<testsuite ignored="0" hostname="VARSHINI" failures="0" tests="4" name="Default test" time="3.692" errors="0" timestamp="2025-08-13T12:11:47 IST">
  <testcase classname="tests.AuthTests" name="twoStepAuth_statusCode200" time="2.521"/>
  <testcase classname="tests.AuthTests" name="twoStepAuth_authCodeNotNull" time="0.002"/>
  <testcase classname="tests.AuthTests" name="tokenRequest_statusCode200" time="0.258"/>
  <testcase classname="tests.AuthTests" name="tokenRequest_accessTokenNotNull" time="0.003"/>
</testsuite> <!-- Default test -->
